<?xml version="1.0" encoding="UTF-8"?>
<!-- Generated by org.testng.reporters.JUnitXMLReporter -->
<testsuite ignored="0" hostname="QSP" failures="1" tests="3" name="Test" time="55.354" errors="0" timestamp="2022-03-26T11:51:39 IST">
  <testcase classname="testng.Testcase1" name="tc1" time="19.239">
    <failure type="java.lang.AssertionError" message="expected [qwetryuqirwrewryu] but found [Facebook – log in or sign up]">
      <![CDATA[java.lang.AssertionError: expected [qwetryuqirwrewryu] but found [Facebook – log in or sign up]
at testng.Testcase1.tc1(Testcase1.java:40)
at java.base/java.util.ArrayList.forEach(ArrayList.java:1511)
... Removed 32 stack frames]]>
    </failure>
  </testcase> <!-- tc1 -->
  <testcase classname="testng.Testcase2" name="tc2" time="2.401"/>
  <testcase classname="testng.Testcase3" name="tc3" time="3.879"/>
</testsuite> <!-- Test -->
